{
  "Cucumber Features": {
    "coverage": {
      "/home/codio/workspace/Project-4156/proj-iter1/app/models/events.rb": {
        "lines": [
          1,
          null
        ]
      },
      "/home/codio/workspace/Project-4156/proj-iter1/app/controllers/fluffys_controller.rb": {
        "lines": [
          1,
          null,
          1,
          0,
          0,
          0,
          0,
          null,
          null,
          null,
          1,
          11,
          11,
          null,
          null,
          1,
          null,
          null,
          null,
          1,
          null,
          6,
          6,
          6,
          null,
          null,
          null,
          null,
          1,
          null,
          0,
          0,
          0,
          0,
          0,
          0,
          0,
          0,
          0,
          0,
          0,
          0,
          0,
          null,
          null,
          null,
          1,
          null,
          null,
          null,
          1,
          null,
          null,
          null,
          1,
          0,
          null,
          null,
          1,
          0,
          0,
          0,
          0,
          null,
          null,
          1,
          0,
          0,
          0,
          0,
          null,
          null,
          1,
          1,
          1,
          1,
          null,
          null,
          1,
          0,
          0,
          0,
          0,
          0,
          0,
          null,
          null,
          null,
          1,
          1,
          1,
          null,
          null,
          null,
          null,
          null,
          null,
          null,
          null,
          null,
          null,
          1,
          null,
          null,
          1,
          0,
          null,
          null
        ]
      },
      "/home/codio/workspace/Project-4156/proj-iter1/app/controllers/application_controller.rb": {
        "lines": [
          1,
          null,
          null,
          null,
          null,
          1,
          null,
          1,
          null,
          null,
          null,
          0,
          null,
          null,
          null,
          null,
          null,
          null
        ]
      },
      "/home/codio/workspace/Project-4156/proj-iter1/app/helpers/application_helper.rb": {
        "lines": [
          1,
          null
        ]
      },
      "/home/codio/workspace/Project-4156/proj-iter1/app/helpers/movies_helper.rb": {
        "lines": [
          1,
          null,
          1,
          0,
          null,
          null
        ]
      },
      "/home/codio/workspace/Project-4156/proj-iter1/app/models/fluffys.rb": {
        "lines": [
          1,
          1,
          1,
          1,
          13,
          13,
          13,
          null,
          null,
          null,
          1,
          1,
          1,
          13,
          0,
          0,
          null,
          null,
          null,
          null,
          1,
          null,
          null,
          6,
          6,
          null,
          6,
          6,
          6,
          null,
          null,
          null,
          null,
          null,
          null,
          null,
          null,
          null,
          null,
          null,
          null,
          null,
          null,
          6,
          null,
          6,
          null,
          null,
          null,
          null,
          6,
          6,
          6,
          null,
          6,
          null,
          null
        ]
      },
      "/home/codio/workspace/Project-4156/proj-iter1/app/controllers/foo_controller.rb": {
        "lines": [
          1,
          1,
          0,
          null,
          null,
          null,
          1,
          2,
          2,
          null,
          null,
          null
        ]
      }
    },
    "timestamp": 1617068031
  },
  "RSpec": {
    "coverage": {
      "/home/codio/workspace/Project-4156/proj-iter1/app/helpers/application_helper.rb": {
        "lines": [
          1,
          null
        ]
      },
      "/home/codio/workspace/Project-4156/proj-iter1/app/helpers/movies_helper.rb": {
        "lines": [
          1,
          null,
          1,
          0,
          null,
          null
        ]
      },
      "/home/codio/workspace/Project-4156/proj-iter1/app/controllers/fluffys_controller.rb": {
        "lines": [
          1,
          null,
          1,
          0,
          0,
          0,
          0,
          null,
          null,
          null,
          1,
          0,
          0,
          null,
          null,
          1,
          null,
          null,
          null,
          1,
          null,
          1,
          1,
          1,
          null,
          null,
          null,
          null,
          1,
          null,
          0,
          0,
          0,
          0,
          0,
          0,
          0,
          0,
          0,
          0,
          0,
          0,
          0,
          null,
          null,
          null,
          1,
          null,
          null,
          null,
          1,
          null,
          null,
          null,
          1,
          0,
          null,
          null,
          1,
          0,
          0,
          0,
          0,
          null,
          null,
          1,
          0,
          0,
          0,
          0,
          null,
          null,
          1,
          2,
          2,
          2,
          null,
          null,
          1,
          0,
          0,
          0,
          0,
          0,
          0,
          null,
          null,
          null,
          1,
          0,
          0,
          null,
          null,
          null,
          null,
          null,
          null,
          null,
          null,
          null,
          null,
          1,
          null,
          null,
          1,
          0,
          null,
          null
        ]
      },
      "/home/codio/workspace/Project-4156/proj-iter1/app/controllers/application_controller.rb": {
        "lines": [
          1,
          null,
          null,
          null,
          null,
          1,
          null,
          1,
          null,
          null,
          null,
          0,
          null,
          null,
          null,
          null,
          null,
          null
        ]
      },
      "/home/codio/workspace/Project-4156/proj-iter1/app/controllers/foo_controller.rb": {
        "lines": [
          1,
          1,
          1,
          null,
          null,
          null,
          1,
          0,
          0,
          null,
          null,
          null
        ]
      },
      "/home/codio/workspace/Project-4156/proj-iter1/app/models/fluffys.rb": {
        "lines": [
          1,
          1,
          0,
          0,
          0,
          0,
          0,
          null,
          null,
          null,
          1,
          0,
          0,
          0,
          0,
          0,
          null,
          null,
          null,
          null,
          1,
          null,
          null,
          0,
          0,
          null,
          0,
          0,
          0,
          null,
          null,
          null,
          null,
          null,
          null,
          null,
          null,
          null,
          null,
          null,
          null,
          null,
          null,
          0,
          null,
          0,
          null,
          null,
          null,
          null,
          0,
          0,
          0,
          null,
          0,
          null,
          null
        ]
      },
      "/home/codio/workspace/Project-4156/proj-iter1/app/models/events.rb": {
        "lines": [
          1,
          null
        ]
      }
    },
    "timestamp": 1617068748
  }
}
