{
  "Cucumber Features": {
    "coverage": {
      "/home/codio/workspace/Project-4156/proj-iter1/app/models/events.rb": {
        "lines": [
          1,
          null
        ]
      },
      "/home/codio/workspace/Project-4156/proj-iter1/app/controllers/fluffys_controller.rb": {
        "lines": [
          1,
          null,
          1,
          0,
          0,
          0,
          0,
          null,
          null,
          null,
          1,
          25,
          25,
          null,
          null,
          1,
          null,
          null,
          null,
          1,
          2,
          2,
          2,
          2,
          null,
          null,
          null,
          null,
          1,
          null,
          5,
          5,
          5,
          1,
          1,
          1,
          1,
          1,
          1,
          4,
          4,
          4,
          4,
          null,
          null,
          null,
          1,
          null,
          null,
          null,
          1,
          null,
          null,
          null,
          1,
          0,
          null,
          null,
          1,
          0,
          0,
          0,
          0,
          null,
          null,
          1,
          0,
          0,
          0,
          0,
          null,
          null,
          1,
          1,
          1,
          1,
          null,
          null,
          1,
          4,
          4,
          1,
          1,
          3,
          1,
          1,
          null,
          2,
          2,
          2,
          null,
          2,
          2,
          2,
          null,
          null,
          null,
          null,
          1,
          1,
          1,
          null,
          null,
          null,
          null,
          null,
          null,
          null,
          null,
          null,
          null,
          1,
          null,
          null,
          1,
          13,
          null,
          null
        ]
      },
      "/home/codio/workspace/Project-4156/proj-iter1/app/controllers/application_controller.rb": {
        "lines": [
          1,
          null,
          null,
          null,
          null,
          1,
          null,
          1,
          null,
          null,
          null,
          0,
          null,
          null,
          null,
          null,
          null,
          null
        ]
      },
      "/home/codio/workspace/Project-4156/proj-iter1/app/helpers/application_helper.rb": {
        "lines": [
          1,
          null
        ]
      },
      "/home/codio/workspace/Project-4156/proj-iter1/app/helpers/movies_helper.rb": {
        "lines": [
          1,
          null,
          1,
          0,
          null,
          null
        ]
      },
      "/home/codio/workspace/Project-4156/proj-iter1/app/models/fluffys.rb": {
        "lines": [
          1,
          1,
          1,
          1,
          3,
          3,
          3,
          null,
          null,
          null,
          1,
          1,
          1,
          3,
          0,
          0,
          null,
          null,
          null,
          null,
          1,
          null,
          null,
          2,
          2,
          2,
          null,
          null,
          null,
          2,
          2,
          null,
          null,
          null,
          2,
          2,
          2,
          null,
          2,
          null,
          null
        ]
      },
      "/home/codio/workspace/Project-4156/proj-iter1/app/controllers/foo_controller.rb": {
        "lines": [
          1,
          1,
          0,
          null,
          null,
          null,
          1,
          2,
          null,
          null,
          null
        ]
      }
    },
    "timestamp": 1617052003
  },
  "RSpec": {
    "coverage": {
      "/home/codio/workspace/Project-4156/proj-iter1/app/helpers/application_helper.rb": {
        "lines": [
          1,
          null
        ]
      },
      "/home/codio/workspace/Project-4156/proj-iter1/app/helpers/movies_helper.rb": {
        "lines": [
          1,
          null,
          1,
          0,
          null,
          null
        ]
      },
      "/home/codio/workspace/Project-4156/proj-iter1/app/controllers/fluffys_controller.rb": {
        "lines": [
          1,
          null,
          1,
          0,
          0,
          0,
          0,
          null,
          null,
          null,
          1,
          0,
          0,
          null,
          null,
          1,
          null,
          null,
          null,
          1,
          0,
          0,
          0,
          0,
          null,
          null,
          null,
          null,
          1,
          null,
          0,
          0,
          0,
          0,
          0,
          0,
          0,
          0,
          0,
          0,
          0,
          0,
          0,
          null,
          null,
          null,
          1,
          null,
          null,
          null,
          1,
          null,
          null,
          null,
          1,
          0,
          null,
          null,
          1,
          0,
          0,
          0,
          0,
          null,
          null,
          1,
          0,
          0,
          0,
          0,
          null,
          null,
          1,
          2,
          2,
          2,
          null,
          null,
          1,
          1,
          1,
          0,
          0,
          1,
          1,
          1,
          null,
          0,
          0,
          0,
          0,
          null,
          null,
          null,
          null,
          1,
          1,
          1,
          null,
          null,
          null,
          null,
          null,
          null,
          null,
          null,
          null,
          null,
          1,
          null,
          null,
          1,
          0,
          null,
          null
        ]
      },
      "/home/codio/workspace/Project-4156/proj-iter1/app/controllers/application_controller.rb": {
        "lines": [
          1,
          null,
          null,
          null,
          null,
          1,
          null,
          1,
          null,
          null,
          null,
          0,
          null,
          null,
          null,
          null,
          null,
          null
        ]
      },
      "/home/codio/workspace/Project-4156/proj-iter1/app/controllers/foo_controller.rb": {
        "lines": [
          1,
          1,
          1,
          null,
          null,
          null,
          1,
          0,
          null,
          null,
          null
        ]
      },
      "/home/codio/workspace/Project-4156/proj-iter1/app/models/fluffys.rb": {
        "lines": [
          1,
          1,
          0,
          0,
          0,
          0,
          0,
          null,
          null,
          null,
          1,
          0,
          0,
          0,
          0,
          0,
          null,
          null,
          null,
          null,
          1,
          null,
          null,
          0,
          0,
          0,
          null,
          null,
          null,
          0,
          0,
          null,
          null,
          null,
          0,
          0,
          0,
          null,
          0,
          null,
          null,
          1,
          0,
          0,
          null,
          0,
          null,
          null,
          null
        ]
      },
      "/home/codio/workspace/Project-4156/proj-iter1/app/models/events.rb": {
        "lines": [
          0,
          0
        ],
        "branches": {
        }
      }
    },
    "timestamp": 1617054868
  }
}
